<?xml version="1.0" encoding="UTF-8"?>
<!-- Generated by org.testng.reporters.JUnitReportReporter -->
<testsuite hostname="DESKTOP-UI4FKQ7" failures="0" tests="1" name="testcases.Demotest" time="0.030" errors="0" timestamp="2024-04-28T03:56:22 GMT-04:00" skipped="0">
  <testcase classname="testcases.Demotest" name="test3" time="0.030"/>
</testsuite> <!-- testcases.Demotest -->
