<?xml version="1.0" encoding="UTF-8"?>
<!-- Generated by org.testng.reporters.JUnitReportReporter -->
<testsuite hostname="Rashmi" failures="0" tests="1" name="testcases.Sendmail" time="0.009" errors="0" timestamp="2024-05-26T01:56:17 GMT-04:00" skipped="0">
  <testcase classname="testcases.Sendmail" name="m2" time="0.009"/>
</testsuite> <!-- testcases.Sendmail -->
