<?xml version="1.0" encoding="UTF-8"?>
<!-- Generated by org.testng.reporters.JUnitReportReporter -->
<testsuite hostname="Rashmi" failures="0" tests="1" name="testcases.Receivemail" time="0.013" errors="0" timestamp="2024-05-26T02:15:39 GMT-04:00" skipped="0">
  <testcase classname="testcases.Receivemail" name="m1" time="0.013"/>
</testsuite> <!-- testcases.Receivemail -->
