<?xml version="1.0" encoding="UTF-8"?>
<!-- Generated by org.testng.reporters.JUnitReportReporter -->
<testsuite hostname="Rashmi" failures="0" tests="4" name="utils.Apputils" time="0.036" errors="0" timestamp="2024-05-26T01:59:13 GMT-04:00" skipped="0">
  <testcase classname="utils.Apputils" name="login" time="0.024"/>
  <testcase classname="utils.Apputils" name="logout" time="0.004"/>
  <testcase classname="utils.Apputils" name="launchApp" time="0.004"/>
  <testcase classname="utils.Apputils" name="closeApp" time="0.004"/>
</testsuite> <!-- utils.Apputils -->
